#
# A fatal error has been detected by the Java Runtime Environment:
#
#  EXCEPTION_ACCESS_VIOLATION (0xc0000005) at pc=0x00007ffd16a7c9e1, pid=37168, tid=49988
#
# JRE version: OpenJDK Runtime Environment Microsoft-12574459 (21.0.9+10) (build 21.0.9+10-LTS)
# Java VM: OpenJDK 64-Bit Server VM Microsoft-12574459 (21.0.9+10-LTS, mixed mode, sharing, tiered, compressed oops, compressed class ptrs, g1 gc, windows-amd64)
# Problematic frame:
# C  [MozartBreathCore.dll+0x1ec9e1]
#
# No core dump will be written. Minidumps are not enabled by default on client versions of Windows
#
# If you would like to submit a bug report, please visit:
#   https://github.com/microsoft/openjdk/issues
# The crash happened outside the Java Virtual Machine in native code.
# See problematic frame for where to report the bug.
#

---------------  S U M M A R Y ------------

Command Line: -Ddebugger.agent.enable.coroutines=true -Ddebugger.async.stack.trace.for.all.threads=true -Dkotlinx.coroutines.debug.enable.creation.stack.trace=false -Dkotlinx.coroutines.debug.enable.flows.stack.trace=true -Dkotlinx.coroutines.debug.enable.mutable.state.flows.stack.trace=true -agentlib:jdwp=transport=dt_socket,server=n,suspend=y,address=127.0.0.1:59863 -javaagent:C:\Users\Administrator\AppData\Local\JetBrains\IntelliJIdea2025.3\captureAgent\debugger-agent.jar=file:///C:/Users/ADMINI~1/AppData/Local/Temp/capture3530164304225536383.props -Dfile.encoding=UTF-8 -Duser.country=CN -Duser.language=zh -Duser.variant com.example.springbootdemo.SpringBootDemoApplication

Host: Intel(R) Core(TM) i7-14650HX, 24 cores, 31G,  Windows 11 , 64 bit Build 22621 (10.0.22621.5415)
Time: Mon Jun  8 10:27:02 2026 elapsed time: 0.060732 seconds (0d 0h 0m 0s)

---------------  T H R E A D  ---------------

Current thread (0x000002886e1838c0):  JavaThread "main"             [_thread_in_native, id=49988, stack(0x0000009c8b000000,0x0000009c8b100000) (1024K)]

Stack: [0x0000009c8b000000,0x0000009c8b100000],  sp=0x0000009c8b0fcf80,  free space=1011k
Native frames: (J=compiled Java code, j=interpreted, Vv=VM code, C=native code)
C  [MozartBreathCore.dll+0x1ec9e1]  (no source info available)
C  [MozartBreathCore.dll+0x1d1a6a]  (no source info available)
C  [java.dll+0x9b37]  (no source info available)

Java frames: (J=compiled Java code, j=interpreted, Vv=VM code)
j  java.io.WinNTFileSystem.canonicalize0(Ljava/lang/String;)Ljava/lang/String;+0 java.base
j  java.io.WinNTFileSystem.canonicalize(Ljava/lang/String;)Ljava/lang/String;+178 java.base
j  java.io.File.getCanonicalPath()Ljava/lang/String;+27 java.base
j  java.io.File.getCanonicalFile()Ljava/io/File;+1 java.base
j  jdk.internal.loader.URLClassPath.toFileURL(Ljava/lang/String;)Ljava/net/URL;+8 java.base
j  jdk.internal.loader.URLClassPath.<init>(Ljava/lang/String;Z)V+96 java.base
j  jdk.internal.loader.ClassLoaders.<clinit>()V+144 java.base
v  ~StubRoutines::call_stub 0x000002880745100d
j  jdk.internal.loader.BootLoader.loadModule(Ljava/lang/module/ModuleReference;)V+0 java.base
j  jdk.internal.module.ModuleBootstrap.boot2()Ljava/lang/ModuleLayer;+352 java.base
j  jdk.internal.module.ModuleBootstrap.boot()Ljava/lang/ModuleLayer;+64 java.base
j  java.lang.System.initPhase2(ZZ)I+0 java.base
v  ~StubRoutines::call_stub 0x000002880745100d

siginfo: EXCEPTION_ACCESS_VIOLATION (0xc0000005), reading address 0x000002886d66f220


Registers:
RAX=0x000002886d66f220, RBX=0x0000000000000000, RCX=0x000002886d66f220, RDX=0x0000000000000000
RSP=0x0000009c8b0fcf80, RBP=0x0000009c8b0fd080, RSI=0x0000000000000000, RDI=0x0000009c8b0fd450
R8 =0x000002886d390000, R9 =0x0000000000001000, R10=0x0000000000000003, R11=0x0000009c8b0fd2e0
R12=0x000000000000005c, R13=0x000000000000002e, R14=0x0000009c8b0fd4c0, R15=0x0000009c8b0fd738
RIP=0x00007ffd16a7c9e1, EFLAGS=0x0000000000010297

XMM[0]=0x0063005c0065006c 0x0064006100720067
XMM[1]=0x0073006500680063 0x00610063005c0065
XMM[2]=0x0000000000000000 0x0000000000000000
XMM[3]=0x0000000000000000 0x0000000000000000
XMM[4]=0x0000000000000000 0x0000000000000000
XMM[5]=0x0000000000000000 0x0000000000000000
XMM[6]=0x0000000000000000 0x0000000000000000
XMM[7]=0x0000000000000000 0x0000000000000000
XMM[8]=0x0000000000000000 0x0000000000000000
XMM[9]=0x0000000000000000 0x0000000000000000
XMM[10]=0x0000000000000000 0x0000000000000000
XMM[11]=0x0000000000000000 0x0000000000000000
XMM[12]=0x0000000000000000 0x0000000000000000
XMM[13]=0x0000000000000000 0x0000000000000000
XMM[14]=0x0000000000000000 0x0000000000000000
XMM[15]=0x0000000000000000 0x0000000000000000
  MXCSR=0x00001fa0


Register to memory mapping:

RAX=0x000002886d66f220 is an unknown value
RBX=0x0 is null
RCX=0x000002886d66f220 is an unknown value
RDX=0x0 is null
RSP=0x0000009c8b0fcf80 is pointing into the stack for thread: 0x000002886e1838c0
RBP=0x0000009c8b0fd080 is pointing into the stack for thread: 0x000002886e1838c0
RSI=0x0 is null
RDI=0x0000009c8b0fd450 is pointing into the stack for thread: 0x000002886e1838c0
R8 =0x000002886d390000 points into unknown readable memory: 0x00000001000925ac | ac 25 09 00 01 00 00 00
R9 =0x0000000000001000 is an unknown value
R10=0x0000000000000003 is an unknown value
R11=0x0000009c8b0fd2e0 is pointing into the stack for thread: 0x000002886e1838c0
R12=0x000000000000005c is an unknown value
R13=0x000000000000002e is an unknown value
R14=0x0000009c8b0fd4c0 is pointing into the stack for thread: 0x000002886e1838c0
R15=0x0000009c8b0fd738 is pointing into the stack for thread: 0x000002886e1838c0

Top of Stack: (sp=0x0000009c8b0fcf80)
0x0000009c8b0fcf80:   0000009c00000000 000002887ccb0000
0x0000009c8b0fcf90:   0000009c8b0fd760 00007ffd228be398
0x0000009c8b0fcfa0:   0000000000000000 0000009c8b0fd0a0
0x0000009c8b0fcfb0:   0000000e00000010 0000000000000000
0x0000009c8b0fcfc0:   0000009c8b0fd058 00007ffd19ac9662
0x0000009c8b0fcfd0:   0000009c00000268 0000009c00000003
0x0000009c8b0fcfe0:   fffffffffffffffe 00007ffd16b27010
0x0000009c8b0fcff0:   0000000000000000 00007ffd16fd0000
0x0000009c8b0fd000:   0000000000000a48 0000000000000000
0x0000009c8b0fd010:   0000000000000007 00007ffd254cd6da
0x0000009c8b0fd020:   0000000000260014 0000000000000060
0x0000009c8b0fd030:   000002886d671350 0000000000000000
0x0000009c8b0fd040:   0000009c8b0fd0a8 00007ffd19ad95ed
0x0000009c8b0fd050:   0000028800000000 000002886a4618c0
0x0000009c8b0fd060:   000000000000006c 0000000000000030
0x0000009c8b0fd070:   000002886a4602b8 0000000000000060
0x0000009c8b0fd080:   000002886a460cc0 0000000000000060
0x0000009c8b0fd090:   000002886d671350 0000000000000050
0x0000009c8b0fd0a0:   0000000000000000 0000000000000060
0x0000009c8b0fd0b0:   0000000000000000 0000000000000006
0x0000009c8b0fd0c0:   0000000000000000 0000009c8b0fd179
0x0000009c8b0fd0d0:   000002886a610000 00007ffd254cccea
0x0000009c8b0fd0e0:   000002886a460000 0000000000000000
0x0000009c8b0fd0f0:   0000000000000050 0000000000000000
0x0000009c8b0fd100:   0000000000000000 0000000000000060
0x0000009c8b0fd110:   0000000000000002 0000000000000006
0x0000009c8b0fd120:   0000000000000000 0000009c8b0fd1d9
0x0000009c8b0fd130:   000002886a610000 0000000000000000
0x0000009c8b0fd140:   000002886a460000 0000000000000000
0x0000009c8b0fd150:   0000000000000050 0000000000000000
0x0000009c8b0fd160:   000002886a6103e0 0000009c8b0fd170
0x0000009c8b0fd170:   0000000000000002 00007ffb00000000 

Instructions: (pc=0x00007ffd16a7c9e1)
0x00007ffd16a7c8e1:   90 48 8d 4d 58 e8 c5 15 ed ff 90 48 8d 8d 88 00
0x00007ffd16a7c8f1:   00 00 e8 b8 15 ed ff 90 48 8d 8d b8 00 00 00 e8
0x00007ffd16a7c901:   ab 15 ed ff 90 48 8d 8d e8 00 00 00 e8 9e 15 ed
0x00007ffd16a7c911:   ff eb 04 49 8d 76 08 e8 33 7e e5 ff 80 78 67 00
0x00007ffd16a7c921:   0f 84 80 00 00 00 e8 24 7e e5 ff 80 78 66 00 75
0x00007ffd16a7c931:   75 e8 e9 bd 01 00 0f b6 88 83 00 00 00 84 c9 75
0x00007ffd16a7c941:   65 48 8d 15 8f 23 0d 00 48 8d 8d 18 01 00 00 e8
0x00007ffd16a7c951:   5b 0b ed ff 90 41 b0 01 48 8d 95 18 01 00 00 48
0x00007ffd16a7c961:   8b ce e8 18 d6 ed ff 0f b6 d8 48 8d 8d 18 01 00
0x00007ffd16a7c971:   00 e8 39 15 ed ff 84 db 74 2c 48 8b d6 48 8d 8d
0x00007ffd16a7c981:   48 01 00 00 e8 e6 fe ec ff 90 48 8d 95 48 01 00
0x00007ffd16a7c991:   00 49 8b cf e8 26 28 00 00 90 48 8d 8d 48 01 00
0x00007ffd16a7c9a1:   00 e8 09 15 ed ff 33 db 4c 8b bd 80 03 00 00 e8
0x00007ffd16a7c9b1:   eb cc fe ff 48 8b 48 10 48 85 c9 75 04 33 c0 eb
0x00007ffd16a7c9c1:   0b 48 8b 40 18 48 2b c1 48 c1 f8 03 8b f3 48 3b
0x00007ffd16a7c9d1:   f0 0f 83 c4 01 00 00 e8 c3 cc fe ff 48 8b 40 10
0x00007ffd16a7c9e1:   48 8b 0c d8 48 8b 01 48 89 7c 24 58 4c 89 7c 24
0x00007ffd16a7c9f1:   50 8b 95 78 03 00 00 89 54 24 48 48 8b 95 70 03
0x00007ffd16a7ca01:   00 00 48 89 54 24 40 8b 95 68 03 00 00 89 54 24
0x00007ffd16a7ca11:   38 48 8b 95 60 03 00 00 48 89 54 24 30 8b 95 58
0x00007ffd16a7ca21:   03 00 00 89 54 24 28 48 8b 95 50 03 00 00 48 89
0x00007ffd16a7ca31:   54 24 20 4c 8b 8d 48 03 00 00 4d 8b c6 41 8b d5
0x00007ffd16a7ca41:   ff 50 48 8b 07 3d 2c 01 00 00 0f 84 c7 00 00 00
0x00007ffd16a7ca51:   3d c8 00 00 00 74 07 ff c3 e9 51 ff ff ff e8 8c
0x00007ffd16a7ca61:   6a ed ff 84 c0 74 7b 48 8d 15 c1 22 0d 00 48 8d
0x00007ffd16a7ca71:   8d 78 01 00 00 e8 35 0a ed ff 90 41 b9 cf 10 00
0x00007ffd16a7ca81:   00 4c 8d 05 a7 03 0d 00 ba 03 00 00 00 48 8d 8d
0x00007ffd16a7ca91:   98 02 00 00 e8 56 2e e9 ff 90 48 8d 95 78 01 00
0x00007ffd16a7caa1:   00 48 8b c8 e8 b6 14 ed ff 48 8b c8 48 8d 57 08
0x00007ffd16a7cab1:   e8 aa 14 ed ff 48 8b d8 e8 d2 30 e9 ff 48 8b c8
0x00007ffd16a7cac1:   48 8b d3 e8 47 3f e9 ff 90 48 8d 8d 98 02 00 00
0x00007ffd16a7cad1:   e8 da 13 ed ff 90 48 8d 8d 78 01 00 00 e8 cd 13 


Stack slot to memory mapping:

stack at sp + 0 slots: 0x0000009c00000000 is an unknown value
stack at sp + 1 slots: 0x000002887ccb0000 points into unknown readable memory: 0x0000000000000000 | 00 00 00 00 00 00 00 00
stack at sp + 2 slots: 0x0000009c8b0fd760 is pointing into the stack for thread: 0x000002886e1838c0
stack at sp + 3 slots: 0x00007ffd228be398 KERNELBASE.dll
stack at sp + 4 slots: 0x0 is null
stack at sp + 5 slots: 0x0000009c8b0fd0a0 is pointing into the stack for thread: 0x000002886e1838c0
stack at sp + 6 slots: 0x0000000e00000010 is an unknown value
stack at sp + 7 slots: 0x0 is null


---------------  P R O C E S S  ---------------

Threads class SMR info:
_java_thread_list=0x000002886a1e1680, length=12, elements={
0x000002886e1838c0, 0x000002887cce2bf0, 0x000002887cce3840, 0x000002887cce48a0,
0x000002887cce7400, 0x000002887cce89b0, 0x000002887ccecdd0, 0x000002887ccf97a0,
0x000002887cd24690, 0x000002887cd81700, 0x000002887cd81da0, 0x000002887cdf71b0
}

Java Threads: ( => current thread )
=>0x000002886e1838c0 JavaThread "main"                              [_thread_in_native, id=49988, stack(0x0000009c8b000000,0x0000009c8b100000) (1024K)]
  0x000002887cce2bf0 JavaThread "Reference Handler"          daemon [_thread_blocked, id=5900, stack(0x0000009c8b800000,0x0000009c8b900000) (1024K)]
  0x000002887cce3840 JavaThread "Finalizer"                  daemon [_thread_blocked, id=3288, stack(0x0000009c8b900000,0x0000009c8ba00000) (1024K)]
  0x000002887cce48a0 JavaThread "Signal Dispatcher"          daemon [_thread_blocked, id=240, stack(0x0000009c8ba00000,0x0000009c8bb00000) (1024K)]
  0x000002887cce7400 JavaThread "Attach Listener"            daemon [_thread_blocked, id=3176, stack(0x0000009c8bb00000,0x0000009c8bc00000) (1024K)]
  0x000002887cce89b0 JavaThread "Service Thread"             daemon [_thread_blocked, id=51100, stack(0x0000009c8bc00000,0x0000009c8bd00000) (1024K)]
  0x000002887ccecdd0 JavaThread "Monitor Deflation Thread"   daemon [_thread_blocked, id=27008, stack(0x0000009c8bd00000,0x0000009c8be00000) (1024K)]
  0x000002887ccf97a0 JavaThread "C2 CompilerThread0"         daemon [_thread_blocked, id=11772, stack(0x0000009c8be00000,0x0000009c8bf00000) (1024K)]
  0x000002887cd24690 JavaThread "C1 CompilerThread0"         daemon [_thread_blocked, id=37076, stack(0x0000009c8bf00000,0x0000009c8c000000) (1024K)]
  0x000002887cd81700 JavaThread "C1 CompilerThread1"         daemon [_thread_blocked, id=47336, stack(0x0000009c8c000000,0x0000009c8c100000) (1024K)]
  0x000002887cd81da0 JavaThread "C1 CompilerThread2"         daemon [_thread_blocked, id=14644, stack(0x0000009c8c100000,0x0000009c8c200000) (1024K)]
  0x000002887cdf71b0 JavaThread "C1 CompilerThread3"         daemon [_thread_blocked, id=48736, stack(0x0000009c8c200000,0x0000009c8c300000) (1024K)]
Total: 12

Other Threads:
  0x000002887ccc8240 VMThread "VM Thread"                           [id=22052, stack(0x0000009c8b700000,0x0000009c8b800000) (1024K)]
  0x000002887ccb5880 WatcherThread "VM Periodic Task Thread"        [id=23496, stack(0x0000009c8b600000,0x0000009c8b700000) (1024K)]
  0x000002886e230ab0 WorkerThread "GC Thread#0"                     [id=38256, stack(0x0000009c8b100000,0x0000009c8b200000) (1024K)]
  0x000002886e241500 ConcurrentGCThread "G1 Main Marker"            [id=21068, stack(0x0000009c8b200000,0x0000009c8b300000) (1024K)]
  0x000002886e242e20 WorkerThread "G1 Conc#0"                       [id=39252, stack(0x0000009c8b300000,0x0000009c8b400000) (1024K)]
  0x000002887cb82cf0 ConcurrentGCThread "G1 Refine#0"               [id=23408, stack(0x0000009c8b400000,0x0000009c8b500000) (1024K)]
  0x000002886e1809f0 ConcurrentGCThread "G1 Service"                [id=44084, stack(0x0000009c8b500000,0x0000009c8b600000) (1024K)]
Total: 7

Threads with active compile tasks:
Total: 0

VM state: not at safepoint (normal execution)

VM Mutex/Monitor currently owned by a thread: None

Heap address: 0x0000000604800000, size: 8120 MB, Compressed Oops mode: Zero based, Oop shift amount: 3

CDS archive(s) mapped at: [0x0000028817000000-0x0000028817c80000-0x0000028817c80000), size 13107200, SharedBaseAddress: 0x0000028817000000, ArchiveRelocationMode: 1.
Compressed class space mapped at: 0x0000028818000000-0x0000028858000000, reserved size: 1073741824
Narrow klass base: 0x0000028817000000, Narrow klass shift: 0, Narrow klass range: 0x100000000

GC Precious Log:
 CardTable entry size: 512
 Card Set container configuration: InlinePtr #cards 4 size 8 Array Of Cards #cards 32 size 80 Howl #buckets 8 coarsen threshold 7372 Howl Bitmap #cards 1024 size 144 coarsen threshold 921 Card regions per heap region 1 cards per card region 8192
 CPUs: 24 total, 24 available
 Memory: 32475M
 Large Page Support: Disabled
 NUMA Support: Disabled
 Compressed Oops: Enabled (Zero based)
 Heap Region Size: 4M
 Heap Min Capacity: 8M
 Heap Initial Capacity: 508M
 Heap Max Capacity: 8120M
 Pre-touch: Disabled
 Parallel Workers: 18
 Concurrent Workers: 5
 Concurrent Refinement Workers: 18
 Periodic GC: Disabled

Heap:
 garbage-first heap   total 520192K, used 0K [0x0000000604800000, 0x0000000800000000)
  region size 4096K, 1 young (4096K), 0 survivors (0K)
 Metaspace       used 115K, committed 192K, reserved 1114112K
  class space    used 6K, committed 64K, reserved 1048576K

Heap Regions: E=young(eden), S=young(survivor), O=old, HS=humongous(starts), HC=humongous(continues), CS=collection set, F=free, TAMS=top-at-mark-start, PB=parsable bottom
|   0|0x0000000604800000, 0x0000000604800000, 0x0000000604c00000|  0%| F|  |TAMS 0x0000000604800000| PB 0x0000000604800000| Untracked 
|   1|0x0000000604c00000, 0x0000000604c00000, 0x0000000605000000|  0%| F|  |TAMS 0x0000000604c00000| PB 0x0000000604c00000| Untracked 
|   2|0x0000000605000000, 0x0000000605000000, 0x0000000605400000|  0%| F|  |TAMS 0x0000000605000000| PB 0x0000000605000000| Untracked 
|   3|0x0000000605400000, 0x0000000605400000, 0x0000000605800000|  0%| F|  |TAMS 0x0000000605400000| PB 0x0000000605400000| Untracked 
|   4|0x0000000605800000, 0x0000000605800000, 0x0000000605c00000|  0%| F|  |TAMS 0x0000000605800000| PB 0x0000000605800000| Untracked 
|   5|0x0000000605c00000, 0x0000000605c00000, 0x0000000606000000|  0%| F|  |TAMS 0x0000000605c00000| PB 0x0000000605c00000| Untracked 
|   6|0x0000000606000000, 0x0000000606000000, 0x0000000606400000|  0%| F|  |TAMS 0x0000000606000000| PB 0x0000000606000000| Untracked 
|   7|0x0000000606400000, 0x0000000606400000, 0x0000000606800000|  0%| F|  |TAMS 0x0000000606400000| PB 0x0000000606400000| Untracked 
|   8|0x0000000606800000, 0x0000000606800000, 0x0000000606c00000|  0%| F|  |TAMS 0x0000000606800000| PB 0x0000000606800000| Untracked 
|   9|0x0000000606c00000, 0x0000000606c00000, 0x0000000607000000|  0%| F|  |TAMS 0x0000000606c00000| PB 0x0000000606c00000| Untracked 
|  10|0x0000000607000000, 0x0000000607000000, 0x0000000607400000|  0%| F|  |TAMS 0x0000000607000000| PB 0x0000000607000000| Untracked 
|  11|0x0000000607400000, 0x0000000607400000, 0x0000000607800000|  0%| F|  |TAMS 0x0000000607400000| PB 0x0000000607400000| Untracked 
|  12|0x0000000607800000, 0x0000000607800000, 0x0000000607c00000|  0%| F|  |TAMS 0x0000000607800000| PB 0x0000000607800000| Untracked 
|  13|0x0000000607c00000, 0x0000000607c00000, 0x0000000608000000|  0%| F|  |TAMS 0x0000000607c00000| PB 0x0000000607c00000| Untracked 
|  14|0x0000000608000000, 0x0000000608000000, 0x0000000608400000|  0%| F|  |TAMS 0x0000000608000000| PB 0x0000000608000000| Untracked 
|  15|0x0000000608400000, 0x0000000608400000, 0x0000000608800000|  0%| F|  |TAMS 0x0000000608400000| PB 0x0000000608400000| Untracked 
|  16|0x0000000608800000, 0x0000000608800000, 0x0000000608c00000|  0%| F|  |TAMS 0x0000000608800000| PB 0x0000000608800000| Untracked 
|  17|0x0000000608c00000, 0x0000000608c00000, 0x0000000609000000|  0%| F|  |TAMS 0x0000000608c00000| PB 0x0000000608c00000| Untracked 
|  18|0x0000000609000000, 0x0000000609000000, 0x0000000609400000|  0%| F|  |TAMS 0x0000000609000000| PB 0x0000000609000000| Untracked 
|  19|0x0000000609400000, 0x0000000609400000, 0x0000000609800000|  0%| F|  |TAMS 0x0000000609400000| PB 0x0000000609400000| Untracked 
|  20|0x0000000609800000, 0x0000000609800000, 0x0000000609c00000|  0%| F|  |TAMS 0x0000000609800000| PB 0x0000000609800000| Untracked 
|  21|0x0000000609c00000, 0x0000000609c00000, 0x000000060a000000|  0%| F|  |TAMS 0x0000000609c00000| PB 0x0000000609c00000| Untracked 
|  22|0x000000060a000000, 0x000000060a000000, 0x000000060a400000|  0%| F|  |TAMS 0x000000060a000000| PB 0x000000060a000000| Untracked 
|  23|0x000000060a400000, 0x000000060a400000, 0x000000060a800000|  0%| F|  |TAMS 0x000000060a400000| PB 0x000000060a400000| Untracked 
|  24|0x000000060a800000, 0x000000060a800000, 0x000000060ac00000|  0%| F|  |TAMS 0x000000060a800000| PB 0x000000060a800000| Untracked 
|  25|0x000000060ac00000, 0x000000060ac00000, 0x000000060b000000|  0%| F|  |TAMS 0x000000060ac00000| PB 0x000000060ac00000| Untracked 
|  26|0x000000060b000000, 0x000000060b000000, 0x000000060b400000|  0%| F|  |TAMS 0x000000060b000000| PB 0x000000060b000000| Untracked 
|  27|0x000000060b400000, 0x000000060b400000, 0x000000060b800000|  0%| F|  |TAMS 0x000000060b400000| PB 0x000000060b400000| Untracked 
|  28|0x000000060b800000, 0x000000060b800000, 0x000000060bc00000|  0%| F|  |TAMS 0x000000060b800000| PB 0x000000060b800000| Untracked 
|  29|0x000000060bc00000, 0x000000060bc00000, 0x000000060c000000|  0%| F|  |TAMS 0x000000060bc00000| PB 0x000000060bc00000| Untracked 
|  30|0x000000060c000000, 0x000000060c000000, 0x000000060c400000|  0%| F|  |TAMS 0x000000060c000000| PB 0x000000060c000000| Untracked 
|  31|0x000000060c400000, 0x000000060c400000, 0x000000060c800000|  0%| F|  |TAMS 0x000000060c400000| PB 0x000000060c400000| Untracked 
|  32|0x000000060c800000, 0x000000060c800000, 0x000000060cc00000|  0%| F|  |TAMS 0x000000060c800000| PB 0x000000060c800000| Untracked 
|  33|0x000000060cc00000, 0x000000060cc00000, 0x000000060d000000|  0%| F|  |TAMS 0x000000060cc00000| PB 0x000000060cc00000| Untracked 
|  34|0x000000060d000000, 0x000000060d000000, 0x000000060d400000|  0%| F|  |TAMS 0x000000060d000000| PB 0x000000060d000000| Untracked 
|  35|0x000000060d400000, 0x000000060d400000, 0x000000060d800000|  0%| F|  |TAMS 0x000000060d400000| PB 0x000000060d400000| Untracked 
|  36|0x000000060d800000, 0x000000060d800000, 0x000000060dc00000|  0%| F|  |TAMS 0x000000060d800000| PB 0x000000060d800000| Untracked 
|  37|0x000000060dc00000, 0x000000060dc00000, 0x000000060e000000|  0%| F|  |TAMS 0x000000060dc00000| PB 0x000000060dc00000| Untracked 
|  38|0x000000060e000000, 0x000000060e000000, 0x000000060e400000|  0%| F|  |TAMS 0x000000060e000000| PB 0x000000060e000000| Untracked 
|  39|0x000000060e400000, 0x000000060e400000, 0x000000060e800000|  0%| F|  |TAMS 0x000000060e400000| PB 0x000000060e400000| Untracked 
|  40|0x000000060e800000, 0x000000060e800000, 0x000000060ec00000|  0%| F|  |TAMS 0x000000060e800000| PB 0x000000060e800000| Untracked 
|  41|0x000000060ec00000, 0x000000060ec00000, 0x000000060f000000|  0%| F|  |TAMS 0x000000060ec00000| PB 0x000000060ec00000| Untracked 
|  42|0x000000060f000000, 0x000000060f000000, 0x000000060f400000|  0%| F|  |TAMS 0x000000060f000000| PB 0x000000060f000000| Untracked 
|  43|0x000000060f400000, 0x000000060f400000, 0x000000060f800000|  0%| F|  |TAMS 0x000000060f400000| PB 0x000000060f400000| Untracked 
|  44|0x000000060f800000, 0x000000060f800000, 0x000000060fc00000|  0%| F|  |TAMS 0x000000060f800000| PB 0x000000060f800000| Untracked 
|  45|0x000000060fc00000, 0x000000060fc00000, 0x0000000610000000|  0%| F|  |TAMS 0x000000060fc00000| PB 0x000000060fc00000| Untracked 
|  46|0x0000000610000000, 0x0000000610000000, 0x0000000610400000|  0%| F|  |TAMS 0x0000000610000000| PB 0x0000000610000000| Untracked 
|  47|0x0000000610400000, 0x0000000610400000, 0x0000000610800000|  0%| F|  |TAMS 0x0000000610400000| PB 0x0000000610400000| Untracked 
|  48|0x0000000610800000, 0x0000000610800000, 0x0000000610c00000|  0%| F|  |TAMS 0x0000000610800000| PB 0x0000000610800000| Untracked 
|  49|0x0000000610c00000, 0x0000000610c00000, 0x0000000611000000|  0%| F|  |TAMS 0x0000000610c00000| PB 0x0000000610c00000| Untracked 
|  50|0x0000000611000000, 0x0000000611000000, 0x0000000611400000|  0%| F|  |TAMS 0x0000000611000000| PB 0x0000000611000000| Untracked 
|  51|0x0000000611400000, 0x0000000611400000, 0x0000000611800000|  0%| F|  |TAMS 0x0000000611400000| PB 0x0000000611400000| Untracked 
|  52|0x0000000611800000, 0x0000000611800000, 0x0000000611c00000|  0%| F|  |TAMS 0x0000000611800000| PB 0x0000000611800000| Untracked 
|  53|0x0000000611c00000, 0x0000000611c00000, 0x0000000612000000|  0%| F|  |TAMS 0x0000000611c00000| PB 0x0000000611c00000| Untracked 
|  54|0x0000000612000000, 0x0000000612000000, 0x0000000612400000|  0%| F|  |TAMS 0x0000000612000000| PB 0x0000000612000000| Untracked 
|  55|0x0000000612400000, 0x0000000612400000, 0x0000000612800000|  0%| F|  |TAMS 0x0000000612400000| PB 0x0000000612400000| Untracked 
|  56|0x0000000612800000, 0x0000000612800000, 0x0000000612c00000|  0%| F|  |TAMS 0x0000000612800000| PB 0x0000000612800000| Untracked 
|  57|0x0000000612c00000, 0x0000000612c00000, 0x0000000613000000|  0%| F|  |TAMS 0x0000000612c00000| PB 0x0000000612c00000| Untracked 
|  58|0x0000000613000000, 0x0000000613000000, 0x0000000613400000|  0%| F|  |TAMS 0x0000000613000000| PB 0x0000000613000000| Untracked 
|  59|0x0000000613400000, 0x0000000613400000, 0x0000000613800000|  0%| F|  |TAMS 0x0000000613400000| PB 0x0000000613400000| Untracked 
|  60|0x0000000613800000, 0x0000000613800000, 0x0000000613c00000|  0%| F|  |TAMS 0x0000000613800000| PB 0x0000000613800000| Untracked 
|  61|0x0000000613c00000, 0x0000000613c00000, 0x0000000614000000|  0%| F|  |TAMS 0x0000000613c00000| PB 0x0000000613c00000| Untracked 
|  62|0x0000000614000000, 0x0000000614000000, 0x0000000614400000|  0%| F|  |TAMS 0x0000000614000000| PB 0x0000000614000000| Untracked 
|  63|0x0000000614400000, 0x0000000614400000, 0x0000000614800000|  0%| F|  |TAMS 0x0000000614400000| PB 0x0000000614400000| Untracked 
|  64|0x0000000614800000, 0x0000000614800000, 0x0000000614c00000|  0%| F|  |TAMS 0x0000000614800000| PB 0x0000000614800000| Untracked 
|  65|0x0000000614c00000, 0x0000000614c00000, 0x0000000615000000|  0%| F|  |TAMS 0x0000000614c00000| PB 0x0000000614c00000| Untracked 
|  66|0x0000000615000000, 0x0000000615000000, 0x0000000615400000|  0%| F|  |TAMS 0x0000000615000000| PB 0x0000000615000000| Untracked 
|  67|0x0000000615400000, 0x0000000615400000, 0x0000000615800000|  0%| F|  |TAMS 0x0000000615400000| PB 0x0000000615400000| Untracked 
|  68|0x0000000615800000, 0x0000000615800000, 0x0000000615c00000|  0%| F|  |TAMS 0x0000000615800000| PB 0x0000000615800000| Untracked 
|  69|0x0000000615c00000, 0x0000000615c00000, 0x0000000616000000|  0%| F|  |TAMS 0x0000000615c00000| PB 0x0000000615c00000| Untracked 
|  70|0x0000000616000000, 0x0000000616000000, 0x0000000616400000|  0%| F|  |TAMS 0x0000000616000000| PB 0x0000000616000000| Untracked 
|  71|0x0000000616400000, 0x0000000616400000, 0x0000000616800000|  0%| F|  |TAMS 0x0000000616400000| PB 0x0000000616400000| Untracked 
|  72|0x0000000616800000, 0x0000000616800000, 0x0000000616c00000|  0%| F|  |TAMS 0x0000000616800000| PB 0x0000000616800000| Untracked 
|  73|0x0000000616c00000, 0x0000000616c00000, 0x0000000617000000|  0%| F|  |TAMS 0x0000000616c00000| PB 0x0000000616c00000| Untracked 
|  74|0x0000000617000000, 0x0000000617000000, 0x0000000617400000|  0%| F|  |TAMS 0x0000000617000000| PB 0x0000000617000000| Untracked 
|  75|0x0000000617400000, 0x0000000617400000, 0x0000000617800000|  0%| F|  |TAMS 0x0000000617400000| PB 0x0000000617400000| Untracked 
|  76|0x0000000617800000, 0x0000000617800000, 0x0000000617c00000|  0%| F|  |TAMS 0x0000000617800000| PB 0x0000000617800000| Untracked 
|  77|0x0000000617c00000, 0x0000000617c00000, 0x0000000618000000|  0%| F|  |TAMS 0x0000000617c00000| PB 0x0000000617c00000| Untracked 
|  78|0x0000000618000000, 0x0000000618000000, 0x0000000618400000|  0%| F|  |TAMS 0x0000000618000000| PB 0x0000000618000000| Untracked 
|  79|0x0000000618400000, 0x0000000618400000, 0x0000000618800000|  0%| F|  |TAMS 0x0000000618400000| PB 0x0000000618400000| Untracked 
|  80|0x0000000618800000, 0x0000000618800000, 0x0000000618c00000|  0%| F|  |TAMS 0x0000000618800000| PB 0x0000000618800000| Untracked 
|  81|0x0000000618c00000, 0x0000000618c00000, 0x0000000619000000|  0%| F|  |TAMS 0x0000000618c00000| PB 0x0000000618c00000| Untracked 
|  82|0x0000000619000000, 0x0000000619000000, 0x0000000619400000|  0%| F|  |TAMS 0x0000000619000000| PB 0x0000000619000000| Untracked 
|  83|0x0000000619400000, 0x0000000619400000, 0x0000000619800000|  0%| F|  |TAMS 0x0000000619400000| PB 0x0000000619400000| Untracked 
|  84|0x0000000619800000, 0x0000000619800000, 0x0000000619c00000|  0%| F|  |TAMS 0x0000000619800000| PB 0x0000000619800000| Untracked 
|  85|0x0000000619c00000, 0x0000000619c00000, 0x000000061a000000|  0%| F|  |TAMS 0x0000000619c00000| PB 0x0000000619c00000| Untracked 
|  86|0x000000061a000000, 0x000000061a000000, 0x000000061a400000|  0%| F|  |TAMS 0x000000061a000000| PB 0x000000061a000000| Untracked 
|  87|0x000000061a400000, 0x000000061a400000, 0x000000061a800000|  0%| F|  |TAMS 0x000000061a400000| PB 0x000000061a400000| Untracked 
|  88|0x000000061a800000, 0x000000061a800000, 0x000000061ac00000|  0%| F|  |TAMS 0x000000061a800000| PB 0x000000061a800000| Untracked 
|  89|0x000000061ac00000, 0x000000061ac00000, 0x000000061b000000|  0%| F|  |TAMS 0x000000061ac00000| PB 0x000000061ac00000| Untracked 
|  90|0x000000061b000000, 0x000000061b000000, 0x000000061b400000|  0%| F|  |TAMS 0x000000061b000000| PB 0x000000061b000000| Untracked 
|  91|0x000000061b400000, 0x000000061b400000, 0x000000061b800000|  0%| F|  |TAMS 0x000000061b400000| PB 0x000000061b400000| Untracked 
|  92|0x000000061b800000, 0x000000061b800000, 0x000000061bc00000|  0%| F|  |TAMS 0x000000061b800000| PB 0x000000061b800000| Untracked 
|  93|0x000000061bc00000, 0x000000061bc00000, 0x000000061c000000|  0%| F|  |TAMS 0x000000061bc00000| PB 0x000000061bc00000| Untracked 
|  94|0x000000061c000000, 0x000000061c000000, 0x000000061c400000|  0%| F|  |TAMS 0x000000061c000000| PB 0x000000061c000000| Untracked 
|  95|0x000000061c400000, 0x000000061c400000, 0x000000061c800000|  0%| F|  |TAMS 0x000000061c400000| PB 0x000000061c400000| Untracked 
|  96|0x000000061c800000, 0x000000061c800000, 0x000000061cc00000|  0%| F|  |TAMS 0x000000061c800000| PB 0x000000061c800000| Untracked 
|  97|0x000000061cc00000, 0x000000061cc00000, 0x000000061d000000|  0%| F|  |TAMS 0x000000061cc00000| PB 0x000000061cc00000| Untracked 
|  98|0x000000061d000000, 0x000000061d000000, 0x000000061d400000|  0%| F|  |TAMS 0x000000061d000000| PB 0x000000061d000000| Untracked 
|  99|0x000000061d400000, 0x000000061d400000, 0x000000061d800000|  0%| F|  |TAMS 0x000000061d400000| PB 0x000000061d400000| Untracked 
| 100|0x000000061d800000, 0x000000061d800000, 0x000000061dc00000|  0%| F|  |TAMS 0x000000061d800000| PB 0x000000061d800000| Untracked 
| 101|0x000000061dc00000, 0x000000061dc00000, 0x000000061e000000|  0%| F|  |TAMS 0x000000061dc00000| PB 0x000000061dc00000| Untracked 
| 102|0x000000061e000000, 0x000000061e000000, 0x000000061e400000|  0%| F|  |TAMS 0x000000061e000000| PB 0x000000061e000000| Untracked 
| 103|0x000000061e400000, 0x000000061e400000, 0x000000061e800000|  0%| F|  |TAMS 0x000000061e400000| PB 0x000000061e400000| Untracked 
| 104|0x000000061e800000, 0x000000061e800000, 0x000000061ec00000|  0%| F|  |TAMS 0x000000061e800000| PB 0x000000061e800000| Untracked 
| 105|0x000000061ec00000, 0x000000061ec00000, 0x000000061f000000|  0%| F|  |TAMS 0x000000061ec00000| PB 0x000000061ec00000| Untracked 
| 106|0x000000061f000000, 0x000000061f000000, 0x000000061f400000|  0%| F|  |TAMS 0x000000061f000000| PB 0x000000061f000000| Untracked 
| 107|0x000000061f400000, 0x000000061f400000, 0x000000061f800000|  0%| F|  |TAMS 0x000000061f400000| PB 0x000000061f400000| Untracked 
| 108|0x000000061f800000, 0x000000061f800000, 0x000000061fc00000|  0%| F|  |TAMS 0x000000061f800000| PB 0x000000061f800000| Untracked 
| 109|0x000000061fc00000, 0x000000061fc00000, 0x0000000620000000|  0%| F|  |TAMS 0x000000061fc00000| PB 0x000000061fc00000| Untracked 
| 110|0x0000000620000000, 0x0000000620000000, 0x0000000620400000|  0%| F|  |TAMS 0x0000000620000000| PB 0x0000000620000000| Untracked 
| 111|0x0000000620400000, 0x0000000620400000, 0x0000000620800000|  0%| F|  |TAMS 0x0000000620400000| PB 0x0000000620400000| Untracked 
| 112|0x0000000620800000, 0x0000000620800000, 0x0000000620c00000|  0%| F|  |TAMS 0x0000000620800000| PB 0x0000000620800000| Untracked 
| 113|0x0000000620c00000, 0x0000000620c00000, 0x0000000621000000|  0%| F|  |TAMS 0x0000000620c00000| PB 0x0000000620c00000| Untracked 
| 114|0x0000000621000000, 0x0000000621000000, 0x0000000621400000|  0%| F|  |TAMS 0x0000000621000000| PB 0x0000000621000000| Untracked 
| 115|0x0000000621400000, 0x0000000621400000, 0x0000000621800000|  0%| F|  |TAMS 0x0000000621400000| PB 0x0000000621400000| Untracked 
| 116|0x0000000621800000, 0x0000000621800000, 0x0000000621c00000|  0%| F|  |TAMS 0x0000000621800000| PB 0x0000000621800000| Untracked 
| 117|0x0000000621c00000, 0x0000000621c00000, 0x0000000622000000|  0%| F|  |TAMS 0x0000000621c00000| PB 0x0000000621c00000| Untracked 
| 118|0x0000000622000000, 0x0000000622000000, 0x0000000622400000|  0%| F|  |TAMS 0x0000000622000000| PB 0x0000000622000000| Untracked 
| 119|0x0000000622400000, 0x0000000622400000, 0x0000000622800000|  0%| F|  |TAMS 0x0000000622400000| PB 0x0000000622400000| Untracked 
| 120|0x0000000622800000, 0x0000000622800000, 0x0000000622c00000|  0%| F|  |TAMS 0x0000000622800000| PB 0x0000000622800000| Untracked 
| 121|0x0000000622c00000, 0x0000000622c00000, 0x0000000623000000|  0%| F|  |TAMS 0x0000000622c00000| PB 0x0000000622c00000| Untracked 
| 122|0x0000000623000000, 0x0000000623000000, 0x0000000623400000|  0%| F|  |TAMS 0x0000000623000000| PB 0x0000000623000000| Untracked 
| 123|0x0000000623400000, 0x0000000623400000, 0x0000000623800000|  0%| F|  |TAMS 0x0000000623400000| PB 0x0000000623400000| Untracked 
| 124|0x0000000623800000, 0x0000000623800000, 0x0000000623c00000|  0%| F|  |TAMS 0x0000000623800000| PB 0x0000000623800000| Untracked 
| 125|0x0000000623c00000, 0x0000000623c00000, 0x0000000624000000|  0%| F|  |TAMS 0x0000000623c00000| PB 0x0000000623c00000| Untracked 
| 126|0x0000000624000000, 0x00000006242667b8, 0x0000000624400000| 60%| E|  |TAMS 0x0000000624000000| PB 0x0000000624000000| Complete 

Card table byte_map: [0x0000028878700000,0x00000288796e0000] _byte_map_base: 0x00000288756dc000

Marking Bits: (CMBitMap*) 0x000002886e230e60
 Bits: [0x000002880f000000, 0x0000028816ee0000)

Polling page: 0x000002886d810000

Metaspace:

Usage:
  Non-class:    108.95 KB used.
      Class:      6.60 KB used.
       Both:    115.55 KB used.

Virtual space:
  Non-class space:       64.00 MB reserved,     128.00 KB ( <1%) committed,  1 nodes.
      Class space:        1.00 GB reserved,      64.00 KB ( <1%) committed,  1 nodes.
             Both:        1.06 GB reserved,     192.00 KB ( <1%) committed. 

Chunk freelists:
   Non-Class:  12.00 MB
       Class:  15.75 MB
        Both:  27.75 MB

MaxMetaspaceSize: unlimited
CompressedClassSpaceSize: 1.00 GB
Initial GC threshold: 21.00 MB
Current GC threshold: 21.00 MB
CDS: on
 - commit_granule_bytes: 65536.
 - commit_granule_words: 8192.
 - virtual_space_node_default_size: 8388608.
 - enlarge_chunks_in_place: 1.
 - use_allocation_guard: 0.


Internal statistics:

num_allocs_failed_limit: 0.
num_arena_births: 2.
num_arena_deaths: 0.
num_vsnodes_births: 2.
num_vsnodes_deaths: 0.
num_space_committed: 3.
num_space_uncommitted: 0.
num_chunks_returned_to_freelist: 0.
num_chunks_taken_from_freelist: 3.
num_chunk_merges: 0.
num_chunk_splits: 2.
num_chunks_enlarged: 0.
num_inconsistent_stats: 0.

CodeHeap 'non-profiled nmethods': size=119168Kb used=5Kb max_used=5Kb free=119163Kb
 bounds [0x0000028807ba0000, 0x0000028807e10000, 0x000002880f000000]
CodeHeap 'profiled nmethods': size=119104Kb used=41Kb max_used=41Kb free=119062Kb
 bounds [0x0000028800000000, 0x0000028800270000, 0x0000028807450000]
CodeHeap 'non-nmethods': size=7488Kb used=2886Kb max_used=2900Kb free=4601Kb
 bounds [0x0000028807450000, 0x0000028807730000, 0x0000028807ba0000]
CodeCache: size=245760Kb, used=2932Kb, max_used=2946Kb, free=242826Kb
 total_blobs=339, nmethods=34, adapters=208, full_count=0
Compilation: enabled, stopped_count=0, restarted_count=0

Compilation events (20 events):
Event: 0.037 Thread 0x000002887cd24690 nmethod 24 0x0000028800007190 code [0x0000028800007340, 0x0000028800007508]
Event: 0.037 Thread 0x000002887cdf71b0    3       3       java.lang.String::hashCode (60 bytes)
Event: 0.037 Thread 0x000002887cd81da0 nmethod 2 0x0000028800007610 code [0x00000288000077a0, 0x00000288000078a8]
Event: 0.037 Thread 0x000002887cd81700 nmethod 21 0x0000028800007910 code [0x0000028800007ac0, 0x0000028800007d38]
Event: 0.037 Thread 0x000002887cdf71b0 nmethod 3 0x0000028800007e10 code [0x0000028800007fe0, 0x0000028800008328]
Event: 0.038 Thread 0x000002887cd24690   27       3       java.lang.String::toCharArray (25 bytes)
Event: 0.038 Thread 0x000002887cdf71b0   28       3       java.lang.String::checkBoundsOffCount (10 bytes)
Event: 0.038 Thread 0x000002887cd81700   29       3       jdk.internal.util.Preconditions::checkFromIndexSize (25 bytes)
Event: 0.038 Thread 0x000002887cd24690 nmethod 27 0x0000028800008410 code [0x00000288000085e0, 0x0000028800008890]
Event: 0.038 Thread 0x000002887cd81700 nmethod 29 0x0000028800008990 code [0x0000028800008b40, 0x0000028800008d08]
Event: 0.038 Thread 0x000002887cdf71b0 nmethod 28 0x0000028800008e10 code [0x0000028800008fe0, 0x0000028800009208]
Event: 0.044 Thread 0x000002887cdf71b0   30       3       java.lang.StringLatin1::indexOfChar (33 bytes)
Event: 0.044 Thread 0x000002887cdf71b0 nmethod 30 0x0000028800009310 code [0x00000288000094c0, 0x00000288000096d8]
Event: 0.048 Thread 0x000002887cdf71b0   31       3       sun.net.www.ParseUtil::match (50 bytes)
Event: 0.048 Thread 0x000002887cdf71b0 nmethod 31 0x0000028800009810 code [0x00000288000099c0, 0x0000028800009c30]
Event: 0.049 Thread 0x000002887cd81da0   32       3       java.lang.String::isEmpty (14 bytes)
Event: 0.049 Thread 0x000002887cd81da0 nmethod 32 0x0000028800009d10 code [0x0000028800009ec0, 0x000002880000a030]
Event: 0.049 Thread 0x000002887cd24690   33       3       java.lang.Math::min (11 bytes)
Event: 0.049 Thread 0x000002887cd24690 nmethod 33 0x000002880000a110 code [0x000002880000a2a0, 0x000002880000a3d8]
Event: 0.053 Thread 0x000002887ccf97a0   34       4       java.lang.String::charAt (25 bytes)

GC Heap History (0 events):
No events

Dll operation events (3 events):
Event: 0.010 Loaded shared library D:\jdk\21\bin\java.dll
Event: 0.011 Loaded shared library D:\jdk\21\bin\zip.dll
Event: 0.035 Loaded shared library D:\jdk\21\bin\jsvml.dll

Deoptimization events (0 events):
No events

Classes loaded (14 events):
Event: 0.027 Loading class sun/nio/cs/GBK
Event: 0.027 Loading class sun/nio/cs/GBK done
Event: 0.027 Loading class sun/nio/cs/DoubleByte$Decoder
Event: 0.027 Loading class sun/nio/cs/DelegatableDecoder
Event: 0.027 Loading class sun/nio/cs/DelegatableDecoder done
Event: 0.027 Loading class sun/nio/cs/DoubleByte$Decoder done
Event: 0.027 Loading class sun/nio/cs/GBK$DecodeHolder
Event: 0.027 Loading class sun/nio/cs/GBK$DecodeHolder done
Event: 0.027 Loading class sun/nio/cs/DoubleByte
Event: 0.027 Loading class sun/nio/cs/DoubleByte done
Event: 0.030 Loading class sun/nio/cs/DoubleByte$Encoder
Event: 0.030 Loading class sun/nio/cs/DoubleByte$Encoder done
Event: 0.030 Loading class sun/nio/cs/GBK$EncodeHolder
Event: 0.030 Loading class sun/nio/cs/GBK$EncodeHolder done

Classes unloaded (0 events):
No events

Classes redefined (0 events):
No events

Internal exceptions (0 events):
No events

ZGC Phase Switch (0 events):
No events

VM Operations (0 events):
No events

Memory protections (0 events):
No events

Nmethod flushes (0 events):
No events

Events (12 events):
Event: 0.022 Thread 0x000002886e1838c0 Thread added: 0x000002886e1838c0
Event: 0.032 Thread 0x000002886e1838c0 Thread added: 0x000002887cce2bf0
Event: 0.032 Thread 0x000002886e1838c0 Thread added: 0x000002887cce3840
Event: 0.032 Thread 0x000002886e1838c0 Thread added: 0x000002887cce48a0
Event: 0.032 Thread 0x000002886e1838c0 Thread added: 0x000002887cce7400
Event: 0.032 Thread 0x000002886e1838c0 Thread added: 0x000002887cce89b0
Event: 0.032 Thread 0x000002886e1838c0 Thread added: 0x000002887ccecdd0
Event: 0.032 Thread 0x000002886e1838c0 Thread added: 0x000002887ccf97a0
Event: 0.032 Thread 0x000002886e1838c0 Thread added: 0x000002887cd24690
Event: 0.035 Thread 0x000002887cd24690 Thread added: 0x000002887cd81700
Event: 0.035 Thread 0x000002887cd24690 Thread added: 0x000002887cd81da0
Event: 0.036 Thread 0x000002887cd81da0 Thread added: 0x000002887cdf71b0


Dynamic libraries:
0x00007ff61feb0000 - 0x00007ff61febe000 	D:\jdk\21\bin\java.exe
0x00007ffd25490000 - 0x00007ffd256a8000 	C:\Windows\SYSTEM32\ntdll.dll
0x00007ffd247f0000 - 0x00007ffd248b4000 	C:\Windows\System32\KERNEL32.DLL
0x00007ffd22880000 - 0x00007ffd22c53000 	C:\Windows\System32\KERNELBASE.dll
0x00007ffce4290000 - 0x00007ffce42b4000 	C:\Windows\System32\ghijt64win10.dll
0x00007ffd24de0000 - 0x00007ffd24e91000 	C:\Windows\System32\ADVAPI32.dll
0x00007ffd253a0000 - 0x00007ffd25447000 	C:\Windows\System32\msvcrt.dll
0x00007ffd23130000 - 0x00007ffd231d8000 	C:\Windows\System32\sechost.dll
0x00007ffd22c60000 - 0x00007ffd22c88000 	C:\Windows\System32\bcrypt.dll
0x00007ffd24ea0000 - 0x00007ffd24fb8000 	C:\Windows\System32\RPCRT4.dll
0x00007ffd225a0000 - 0x00007ffd226b1000 	C:\Windows\System32\ucrtbase.dll
0x00007ffd1d870000 - 0x00007ffd1d98c000 	C:\Windows\SYSTEM32\winahframe64.dll
0x00007ffd16f40000 - 0x00007ffd17633000 	C:\Windows\SYSTEM32\tsafedoc64.dll
0x00007ffcf8a70000 - 0x00007ffcf8a88000 	D:\jdk\21\bin\jli.dll
0x00007ffcf68e0000 - 0x00007ffcf68fe000 	D:\jdk\21\bin\VCRUNTIME140.dll
0x00007ffd24b10000 - 0x00007ffd24cc2000 	C:\Windows\System32\USER32.dll
0x00007ffd24ae0000 - 0x00007ffd24b09000 	C:\Windows\System32\GDI32.dll
0x00007ffd22c90000 - 0x00007ffd22cb6000 	C:\Windows\System32\win32u.dll
0x00007ffd22d60000 - 0x00007ffd22e7b000 	C:\Windows\System32\gdi32full.dll
0x00007ffd22cc0000 - 0x00007ffd22d5a000 	C:\Windows\System32\msvcp_win.dll
0x00007ffd24340000 - 0x00007ffd243b1000 	C:\Windows\System32\WS2_32.dll
0x00007ffd1ae20000 - 0x00007ffd1b0bc000 	C:\Windows\WinSxS\amd64_microsoft.windows.common-controls_6595b64144ccf1df_6.0.22621.6060_none_2712eda17382d24b\COMCTL32.dll
0x00007ffd24930000 - 0x00007ffd24ad1000 	C:\Windows\System32\ole32.dll
0x00007ffd23aa0000 - 0x00007ffd2433c000 	C:\Windows\System32\SHELL32.dll
0x00007ffd25000000 - 0x00007ffd25391000 	C:\Windows\System32\combase.dll
0x00007ffd226c0000 - 0x00007ffd227ff000 	C:\Windows\System32\wintypes.dll
0x00007ffd1db70000 - 0x00007ffd1db7a000 	C:\Windows\SYSTEM32\VERSION.dll
0x00007ffd236c0000 - 0x00007ffd23798000 	C:\Windows\System32\OLEAUT32.dll
0x00007ffd248c0000 - 0x00007ffd248df000 	C:\Windows\System32\imagehlp.dll
0x00007ffd19400000 - 0x00007ffd194a8000 	C:\Windows\SYSTEM32\WINSPOOL.DRV
0x00007ffd237b0000 - 0x00007ffd238b4000 	C:\Windows\System32\shcore.dll
0x00007ffd1b950000 - 0x00007ffd1b96e000 	C:\Windows\SYSTEM32\MPR.dll
0x00007ffd24fc0000 - 0x00007ffd24ff1000 	C:\Windows\System32\IMM32.DLL
0x00007ffd212f0000 - 0x00007ffd21373000 	C:\Windows\LVUAAgentInstBaseRoot\system32\Vozokopot.dll
0x00007ffd1c560000 - 0x00007ffd1cea7000 	C:\Windows\SYSTEM32\winahdcore64.dll
0x00007ffd23a20000 - 0x00007ffd23a89000 	C:\Windows\System32\SHLWAPI.dll
0x00007ffd24cd0000 - 0x00007ffd24dd3000 	C:\Windows\System32\COMDLG32.dll
0x00007ffd1e140000 - 0x00007ffd1e174000 	C:\Windows\SYSTEM32\WINMM.dll
0x00007ffd1b5f0000 - 0x00007ffd1b66a000 	C:\Windows\SYSTEM32\OLEACC.dll
0x00007ffd22e80000 - 0x00007ffd22efb000 	C:\Windows\System32\bcryptPrimitives.dll
0x00007ffd19970000 - 0x00007ffd19bfc000 	C:\Windows\SYSTEM32\dtframe64.dll
0x00007ffd19520000 - 0x00007ffd19552000 	C:\Windows\SYSTEM32\TIjtDrvd64.dll
0x00007ffd19280000 - 0x00007ffd193a9000 	C:\Windows\SYSTEM32\dtsframe64.dll
0x00007ffd21af0000 - 0x00007ffd21b59000 	C:\Windows\SYSTEM32\mswsock.dll
0x00007ffd24540000 - 0x00007ffd24548000 	C:\Windows\System32\psapi.dll
0x00007ffcfa6c0000 - 0x00007ffcfa6cc000 	C:\Windows\SYSTEM32\WinUsb.dll
0x00007ffd1ac50000 - 0x00007ffd1acda000 	C:\Windows\SYSTEM32\mf.dll
0x00007ffd1a8b0000 - 0x00007ffd1ac4a000 	C:\Windows\SYSTEM32\MFCORE.DLL
0x00007ffd231e0000 - 0x00007ffd23654000 	C:\Windows\System32\setupapi.dll
0x00007ffd203c0000 - 0x00007ffd20cda000 	C:\Windows\SYSTEM32\windows.storage.dll
0x00007ffd18ac0000 - 0x00007ffd18c2d000 	C:\Windows\SYSTEM32\TMailHook64.dll
0x00007ffd18240000 - 0x00007ffd18494000 	C:\Windows\SYSTEM32\winncap364.dll
0x00007ffce65b0000 - 0x00007ffce65da000 	C:\Windows\SYSTEM32\hlink.dll
0x00007ffd07d40000 - 0x00007ffd07fff000 	C:\Windows\SYSTEM32\iertutil.dll
0x00007ffd190d0000 - 0x00007ffd190f8000 	C:\Windows\SYSTEM32\srvcli.dll
0x00007ffd21250000 - 0x00007ffd2125c000 	C:\Windows\SYSTEM32\netutils.dll
0x00007ffcf6bd0000 - 0x00007ffcf6bdc000 	D:\jdk\21\bin\vcruntime140_1.dll
0x00007ffc91ac0000 - 0x00007ffc91b49000 	D:\jdk\21\bin\msvcp140.dll
0x00007ffbe42e0000 - 0x00007ffbe508d000 	D:\jdk\21\bin\server\jvm.dll
0x00007ffd213b0000 - 0x00007ffd213fd000 	C:\Windows\SYSTEM32\POWRPROF.dll
0x00007ffd21390000 - 0x00007ffd213a3000 	C:\Windows\SYSTEM32\UMPDC.dll
0x00007ffd16890000 - 0x00007ffd16c6b000 	C:\Windows\LVUAAgentInstBaseRoot\system32\MozartBreathCore.dll
0x00007ffd163c0000 - 0x00007ffd16725000 	C:\Windows\SYSTEM32\msi.dll
0x00007ffd20f30000 - 0x00007ffd20f5d000 	C:\Windows\SYSTEM32\IPHLPAPI.DLL
0x00007ffd21400000 - 0x00007ffd21414000 	C:\Windows\SYSTEM32\WTSAPI32.dll
0x00007ffd20fa0000 - 0x00007ffd21098000 	C:\Windows\SYSTEM32\DNSAPI.dll
0x00007ffd237a0000 - 0x00007ffd237a9000 	C:\Windows\System32\NSI.dll
0x00007ffd15c50000 - 0x00007ffd15c59000 	C:\Windows\SYSTEM32\wsock32.dll
0x00007ffd157d0000 - 0x00007ffd15801000 	C:\Windows\LVUAAgentInstBaseRoot\system32\MozartBreathOM.dll
0x00007ffd15c40000 - 0x00007ffd15c47000 	C:\Windows\SYSTEM32\MSIMG32.dll
0x00007ffd21630000 - 0x00007ffd21648000 	C:\Windows\SYSTEM32\kernel.appcore.dll
0x00007ffd15380000 - 0x00007ffd153d7000 	C:\Windows\LVUAAgentInstBaseRoot\system32\MozartBreathWeb.dll
0x00007ffcf6370000 - 0x00007ffcf637a000 	D:\jdk\21\bin\jimage.dll
0x00007ffd15340000 - 0x00007ffd15371000 	C:\Windows\LVUAAgentInstBaseRoot\system32\MozartBreathFw.dll
0x00007ffd1f970000 - 0x00007ffd1fba3000 	C:\Windows\SYSTEM32\DBGHELP.DLL
0x00007ffd15250000 - 0x00007ffd152a0000 	C:\Windows\LVUAAgentInstBaseRoot\system32\MozartBreathPrint.dll
0x00007ffd0a190000 - 0x00007ffd0a1c2000 	C:\Windows\SYSTEM32\dbgcore.DLL
0x00007ffd15120000 - 0x00007ffd15250000 	C:\Windows\LVUAAgentInstBaseRoot\system32\MozartBreathProcess.dll
0x00007ffd14a60000 - 0x00007ffd14ac4000 	C:\Windows\LVUAAgentInstBaseRoot\system32\MozartBreathBolo2.dll
0x00007ffd14780000 - 0x00007ffd147ac000 	C:\Windows\LVUAAgentInstBaseRoot\system32\MozartBreathProtect.dll
0x00007ffd14730000 - 0x00007ffd14779000 	C:\Windows\LVUAAgentInstBaseRoot\system32\MozartBreathSoft.dll
0x00007ffccf920000 - 0x00007ffccf95c000 	D:\jdk\21\bin\jdwp.dll
0x00007ffcf6360000 - 0x00007ffcf6370000 	D:\jdk\21\bin\instrument.dll
0x00007ffceb100000 - 0x00007ffceb121000 	D:\jdk\21\bin\java.dll
0x00007ffce6980000 - 0x00007ffce6998000 	D:\jdk\21\bin\zip.dll
0x00007ffd224d0000 - 0x00007ffd224f5000 	C:\Windows\SYSTEM32\profapi.dll
0x00007ffc0a240000 - 0x00007ffc0a316000 	D:\jdk\21\bin\jsvml.dll

JVMTI agents:
jdwp path:none, loaded, not initialized, options:transport=dt_socket,server=n,suspend=y,address=127.0.0.1:59863
C:\Users\Administrator\AppData\Local\JetBrains\IntelliJIdea2025.3\captureAgent\debugger-agent.jar path:none, loaded, not initialized, instrumentlib options:file:///C:/Users/ADMINI~1/AppData/Local/Temp/capture3530164304225536383.props

dbghelp: loaded successfully - version: 4.0.5 - missing functions: none
symbol engine: initialized successfully - sym options: 0x614 - pdb path: .;D:\jdk\21\bin;C:\Windows\SYSTEM32;C:\Windows\WinSxS\amd64_microsoft.windows.common-controls_6595b64144ccf1df_6.0.22621.6060_none_2712eda17382d24b;C:\Windows\LVUAAgentInstBaseRoot\system32;D:\jdk\21\bin\server

VM Arguments:
jvm_args: -Ddebugger.agent.enable.coroutines=true -Ddebugger.async.stack.trace.for.all.threads=true -Dkotlinx.coroutines.debug.enable.creation.stack.trace=false -Dkotlinx.coroutines.debug.enable.flows.stack.trace=true -Dkotlinx.coroutines.debug.enable.mutable.state.flows.stack.trace=true -agentlib:jdwp=transport=dt_socket,server=n,suspend=y,address=127.0.0.1:59863 -javaagent:C:\Users\Administrator\AppData\Local\JetBrains\IntelliJIdea2025.3\captureAgent\debugger-agent.jar=file:///C:/Users/ADMINI~1/AppData/Local/Temp/capture3530164304225536383.props -Dfile.encoding=UTF-8 -Duser.country=CN -Duser.language=zh -Duser.variant 
java_command: com.example.springbootdemo.SpringBootDemoApplication
java_class_path (initial): D:\test\springBootDemo\build\classes\java\main;D:\test\springBootDemo\build\resources\main;C:\Users\Administrator\.gradle\caches\modules-2\files-2.1\org.springframework.boot\spring-boot-devtools\3.2.6\469d9f86e351321236b96f0005fac7efc9a2fa42\spring-boot-devtools-3.2.6.jar;C:\Users\Administrator\.gradle\caches\modules-2\files-2.1\org.springframework.boot\spring-boot-docker-compose\3.2.6\8ab90d787d0505d7ee7420b5c4a3242d988e11bc\spring-boot-docker-compose-3.2.6.jar;C:\Users\Administrator\.gradle\caches\modules-2\files-2.1\org.springframework.modulith\spring-modulith-starter-core\2.0.0\4243f549335311917e24f28a355432abc3875d6f\spring-modulith-starter-core-2.0.0.jar;C:\Users\Administrator\.gradle\caches\modules-2\files-2.1\org.springframework.boot\spring-boot-starter-web\3.2.6\8a06aa9bee3a1de70595a92a91b702c9923c49fc\spring-boot-starter-web-3.2.6.jar;C:\Users\Administrator\.gradle\caches\modules-2\files-2.1\org.mybatis.spring.boot\mybatis-spring-boot-starter\3.0.3\19528356bf8bad2be5f8bf796dfc30bcc4996054\mybatis-spring-boot-starter-3.0.3.jar;C:\Users\Administrator\.gradle\caches\modules-2\files-2.1\com.alibaba\easyexcel\3.3.3\327d290adb40a2339d3dced3f72753b419965ba3\easyexcel-3.3.3.jar;C:\Users\Administrator\.gradle\caches\modules-2\files-2.1\com.alibaba.fastjson2\fastjson2\2.0.43\6591762c64db91cbd1c987438ba5b72e891cc20d\fastjson2-2.0.43.jar;C:\Users\Administrator\.gradle\caches\modules-2\files-2.1\io.jsonwebtoken\jjwt-impl\0.12.6\ac23673a84b6089e0369fb8ab2c69edd91cd6eb0\jjwt-impl-0.12.6.jar;C:\Users\Administrator\.gradle\caches\modules-2\files-2.1\io.jsonwebtoken\jjwt-jackson\0.12.6\f141e0c1136ba17f2632858238a31ae05642dbf8\jjwt-jackson-0.12.6.jar;C:\Users\Administrator\.gradle\caches\modules-2\files-2.1\io.jsonwebtoken\jjwt-api\0.12.6\478886a888f6add04937baf0361144504a024967\jjwt-api-0.12.6.jar;C:\Users\Administrator\.gradle\caches\modules-2\files-2.1\com.netflix.graphql.dgs.codegen\graphql-dgs-codegen-shared-core\8.3.0\2f2de8d0c450e686d21c82ff27998d25bdf08eac\graphql-dgs-codegen-shared-core-8.3.0.jar;C:\Users\Administrator\.gradle\caches\modules-2\files-2.1\com.mysql\mysql-connector-j\8.3.0\1cc7fa5d61f4bbc113531a4ba6d85d41cf3d57e1\mysql-connector-j-8.3.0.jar;C:\Users\Administrator\.gradle\caches\modules-2\files-2.1\org.springframework.boot\spring-boot-starter-json\3.2.6\829e99fdb67aa7a09493416afd954e8b2cb90075\spring-boot-starter-json-3.2.6.jar;C:\Users\Administrator\.gradle\caches\modules-2\files-2.1\org.springframework.boot\spring-boot-starter-jdbc\3.2.6\6f3941dbe2755e4ac7dbe9a7bf175ce00edc570a\spring-boot-starter-jdbc-3.2.6.jar;C:\Users\Administrator\.gradle\caches\modules-2\files-2.1\org.springframework.boot\spring-boot-starter\3.2.6\cd5208accde89f97ec11b80db258b043dd71c1f6\spring-boot-starter-3.2.6.jar;C:\Users\Administrator\.gradle\caches\modules-2\files-2.1\org.mybatis.spring.boot\mybatis-spring-boot-autoconfigure\3.0.3\b73a2effa4f60a2eeca98aa12ea3437faede0f73\mybatis-spring-boot-autoconfigure-3.0.3.jar;C:\Users\Administrator\.gradle\caches\modules-2\files-2.1\org.springframework.boot\spring-boot-autoconfigure\3.2.6\14ba3acd4c71f83011d96acbe2513ec2cce3e7a8\spring-boot-autoconfigure-3.2.6.jar;C:\Users\Administrator\.gradle\caches\modules-2\files-2.1\org.springframework.modulith\spring-modulith-apt\2.0.0\4c07c062551e869bfc3cf4ee3f86cc972fe1e83a\spring-modulith-apt-2.0.0.jar;C:\Users\Administrator\.gradle\caches\modules-2\files-2.1\org.springframework.boot\spring-boot\3.2.6\9d6cf54cd3076f1b8b1426bd3a98bdcdea1f3149\spring-boot-3.2.6.jar;C:\Users\Administrator\.gradle\caches\modules-2\files-2.1\com.fasterxml.jackson.datatype\jackson-datatype-jsr310\2.15.4\7de629770a4559db57128d35ccae7d2fddd35db3\jackson-datatype-jsr310-2.15.4.jar;C:\Users\Administrator\.gradle\caches\modules-2\files-2.1\com.fasterxml.jackson.core\jackson-annotations\2.15.4\5223ea5a9bf52cdc9c5e537a0e52f2432eaf208b\jackson-annotations-2.15.4.jar;C:\Users\Administrator\.gradle\caches\modules-2\files-2.1\com.fasterxml.jackson.datatype\jackson-datatype-jdk8\2.15.4\694777f182334a21bf1aeab1b04cc4398c801f3f\jackson-datatype-jdk8-2.15.4.jar;C:\Users\Administrator\.gradle\caches\modules-2\files-2.1\com.fasterxml.jackson.core\jackson-core\2.15.4\aebe84b45360debad94f692a4074c6aceb535fa0\jackson-core-2.15.4.jar;C:\Users\Administrator\.gradle\caches\modules-2\files-2.1\com.fasterxml.jackson.module\jackson-module-parameter-names\2.15.4\e654497a08359db2521b69b5f710e00836915d8c\jackson-module-parameter-names-2.15.4.jar;C:\Users\Administrator\.gradle\caches\modules-2\files-2.1\com.fasterxml.jackson.core\jackson-databind\2.15.4\560309fc381f77d4d15c4a4cdaa0db5025c4fd13\jackson-databind-2.15.4.jar;C:\Users\Administrator\.gradle\caches\modules-2\files-2.1\org.springframework.modulith\spring-modulith-core\2.0.0\de237abffad9fbf4028d35269622f86a32f811a8\spring-modulith-core-2.0.0.jar;C:\Users\Administrator\.gradle\caches\modules-2\files-2.1\org.springframework.modulith\spring-modulith-api\2.0.0\1cd20fb641943cbf92350ee45c465f65b572c56f\spring-modulith-api-2.0.0.jar;C:\Users\Administrator\.gradle\caches\modules-2\files-2.1\org.springframework.modulith\spring-modulith-moments\2.0.0\e773925bf28f6947522a0241dc91bbaa9ba84aa7\spring-modulith-moments-2.0.0.jar;C:\Users\Administrator\.gradle\caches\modules-2\files-2.1\org.springframework.boot\spring-boot-starter-tomcat\3.2.6\10b779100dd0593134492c40c100325cf49b2058\spring-boot-starter-tomcat-3.2.6.jar;C:\Users\Administrator\.gradle\caches\modules-2\files-2.1\org.springframework\spring-webmvc\6.1.8\8496f8c010625bc0b857d19d2e93a9bdd691c1af\spring-webmvc-6.1.8.jar;C:\Users\Administrator\.gradle\caches\modules-2\files-2.1\org.springframework\spring-web\6.1.8\1461405dc325c82a0a058df033bee3d8c6dd6e41\spring-web-6.1.8.jar;C:\Users\Administrator\.gradle\caches\modules-2\files-2.1\org.mybatis\mybatis\3.5.14\d94d2267d1caf1c31748123e671dcea5ad1a6f8\mybatis-3.5.14.jar;C:\Users\Administrator\.gradle\caches\modules-2\files-2.1\org.mybatis\mybatis-spring\3.0.3\5a4ab31bfb62bca615b39ade93de2a607e9b9403\mybatis-spring-3.0.3.jar;C:\Users\Administrator\.gradle\caches\modules-2\files-2.1\com.alibaba\easyexcel-core\3.3.3\7f299ef3e9183f36e95287b9e742ab9125f54884\easyexcel-core-3.3.3.jar;C:\Users\Administrator\.gradle\caches\modules-2\files-2.1\com.graphql-java\graphql-java\21.4\1838bbdf9b01ebd939f92f146c0276d75de0e0ef\graphql-java-21.4.jar;C:\Users\Administrator\.gradle\caches\modules-2\files-2.1\com.tngtech.archunit\archunit\1.4.1\6ba9a48e48eb3f1fc3223fae073afad29774894e\archunit-1.4.1.jar;C:\Users\Administrator\.gradle\caches\modules-2\files-2.1\com.zaxxer\HikariCP\5.0.1\a74c7f0a37046846e88d54f7cb6ea6d565c65f9c\HikariCP-5.0.1.jar;C:\Users\Administrator\.gradle\caches\modules-2\files-2.1\com.alibaba\easyexcel-support\3.3.3\16b713f92394331797651542f563fab08e0ef264\easyexcel-support-3.3.3.jar;C:\Users\Administrator\.gradle\caches\modules-2\files-2.1\org.ehcache\ehcache\3.10.8\f0d50ede46609db78413ca7f4250d348a597b101\ehcache-3.10.8.jar;C:\Users\Administrator\.gradle\caches\modules-2\files-2.1\org.springframework.boot\spring-boot-starter-logging\3.2.6\dd38ebe2c6e252408bbbc562eacca08b79823201\spring-boot-starter-logging-3.2.6.jar;C:\Users\Administrator\.gradle\caches\modules-2\files-2.1\ch.qos.logback\logback-classic\1.4.14\d98bc162275134cdf1518774da4a2a17ef6fb94d\logback-classic-1.4.14.jar;C:\Users\Administrator\.gradle\caches\modules-2\files-2.1\org.apache.logging.log4j\log4j-to-slf4j\2.21.1\d77b2ba81711ed596cd797cc2b5b5bd7409d841c\log4j-to-slf4j-2.21.1.jar;C:\Users\Administrator\.gradle\caches\modules-2\files-2.1\org.slf4j\jul-to-slf4j\2.0.13\a3bcd9d9dd50c71ce69f06b1fd05e40fdeff6ba5\jul-to-slf4j-2.0.13.jar;C:\Users\Administrator\.gradle\caches\modules-2\files-2.1\com.graphql-java\java-dataloader\3.3.0\1786c5efbf871395a32cbce1a2114d6788ac4f53\java-dataloader-3.3.0.jar;C:\Users\Administrator\.gradle\caches\modules-2\files-2.1\org.slf4j\slf4j-api\2.0.13\80229737f704b121a318bba5d5deacbcf395bc77\slf4j-api-2.0.13.jar;C:\Users\Administrator\.gradle\caches\modules-2\files-2.1\org.jetbrains.kotlin\kotlin-reflect\1.9.24\767f8e3d382a98e2d5a465abe36be2b7019a7be4\kotlin-reflect-1.9.24.jar;C:\Users\Administrator\.gradle\caches\modules-2\files-2.1\org.jetbrains.kotlin\kotlin-stdlib\1.9.24\9928532f12c66ad816a625b3f9984f8368ca6d2b\kotlin-stdlib-1.9.24.jar;C:\Users\Administrator\.gradle\caches\modules-2\files-2.1\org.springframework\spring-context\6.1.8\21219a0df58e5b96ef489a172b449232573352e8\spring-context-6.1.8.jar;C:\Users\Administrator\.gradle\caches\modules-2\files-2.1\org.springframework\spring-aop\6.1.8\ef793a21e405a88d9d32b92cb459c845ee12b271\spring-aop-6.1.8.jar;C:\Users\Administrator\.gradle\caches\modules-2\files-2.1\org.springframework\spring-jdbc\6.1.8\a744f02da5a64f2b497f143c461a5d5d675051e6\spring-jdbc-6.1.8.jar;C:\Users\Administrator\.gradle\caches\modules-2\files-2.1\org.springframework\spring-tx\6.1.8\1f0249f1785d39f9e21694aaeb4b02916abda632\spring-tx-6.1.8.jar;C:\Users\Administrator\.gradle\caches\modules-2\files-2.1\org.springframework\spring-beans\6.1.8\79a5e45383542ff514b5328fe277410cf4054f3b\spring-beans-6.1.8.jar;C:\Users\Administrator\.gradle\caches\modules-2\files-2.1\org.springframework\spring-expression\6.1.8\dcf78ef442c24f32ff8c6a9746e7f5209b330111\spring-expression-6.1.8.jar;C:\Users\Administrator\.gradle\caches\modules-2\files-2.1\org.springframework\spring-core\6.1.8\141fc11a5dbaa503fe361150312ad0fa9d9c03da\spring-core-6.1.8.jar;C:\Users\Administrator\.gradle\caches\modules-2\files-2.1\org.jspecify\jspecify\1.0.0\7425a601c1c7ec76645a78d22b8c6a627edee507\jspecify-1.0.0.jar;C:\Users\Administrator\.gradle\caches\modules-2\files-2.1\org.jmolecules\jmolecules-events\2.0.1\2b068cf62e8551a804ce322a3e80a19ea5b89b74\jmolecules-events-2.0.1.jar;C:\Users\Administrator\.gradle\caches\modules-2\files-2.1\jakarta.annotation\jakarta.annotation-api\2.1.1\48b9bda22b091b1f48b13af03fe36db3be6e1ae3\jakarta.annotation-api-2.1.1.jar;C:\Users\Administrator\.gradle\caches\modules-2\files-2.1\org.yaml\snakeyaml\2.2\3af797a25458550a16bf89acc8e4ab2b7f2bfce0\snakeyaml-2.2.jar;C:\Users\Administrator\.gradle\caches\modules-2\files-2.1\org.apache.tomcat.embed\tomcat-embed-websocket\10.1.24\938419aba5a4f4645b9cd23a9e1d5453e85d09b9\tomcat-embed-websocket-10.1.24.jar;C:\Users\Administrator\.gradle\caches\modules-2\files-2.1\org.apache.tomcat.embed\tomcat-embed-core\10.1.24\cd9358f0a26d26e1a2c7200f69cb9a302c20ceb4\tomcat-embed-core-10.1.24.jar;C:\Users\Administrator\.gradle\caches\modules-2\files-2.1\org.apache.tomcat.embed\tomcat-embed-el\10.1.24\6e9c9dce63c10f903cb0aaaeff45f5f7092f5527\tomcat-embed-el-10.1.24.jar;C:\Users\Administrator\.gradle\caches\modules-2\files-2.1\io.micrometer\micrometer-observation\1.12.6\ec96cbd5bafac7be6f8192b5c3c926930b571b30\micrometer-observation-1.12.6.jar;C:\Users\Administrator\.gradle\caches\modules-2\files-2.1\org.apache.poi\poi-ooxml\4.1.2\87d9a22aa9a7dd26e80c360e709f7ee02e32ab3b\poi-ooxml-4.1.2.jar;C:\Users\Administrator\.gradle\caches\modules-2\files-2.1\org.apache.poi\poi\4.1.2\964bf41cf68bce08e4ef6b2279b559fdf8d454f4\poi-4.1.2.jar;C:\Users\Administrator\.gradle\caches\modules-2\files-2.1\org.apache.poi\poi-ooxml-schemas\4.1.2\550cc22a598c0b0a51d1f55f8371e83c1229802d\poi-ooxml-schemas-4.1.2.jar;C:\Users\Administrator\.gradle\caches\modules-2\files-2.1\org.apache.commons\commons-csv\1.8\37ca9a9aa2d4be2599e55506a6d3170dd7a3df4\commons-csv-1.8.jar;C:\Users\Administrator\.gradle\caches\modules-2\files-2.1\commons-io\commons-io\2.11.0\a2503f302b11ebde7ebc3df41daebe0e4eea3689\commons-io-2.11.0.jar;C:\Users\Administrator\.gradle\caches\modules-2\files-2.1\org.reactivestreams\reactive-streams\1.0.4\3864a1320d97d7b045f729a326e1e077661f31b7\reactive-streams-1.0.4.jar;C:\Users\Administrator\.gradle\caches\modules-2\files-2.1\org.jetbrains\annotations\13.0\919f0dfe192fb4e063e7dacadee7f8bb9a2672a9\annotations-13.0.jar;C:\Users\Administrator\.gradle\caches\modules-2\files-2.1\org.springframework\spring-jcl\6.1.8\a545266a6efac9283353a922783a0a06f197ec0\spring-jcl-6.1.8.jar;C:\Users\Administrator\.gradle\caches\modules-2\files-2.1\org.jmolecules\jstereotype\2.0.1\f899a58e6bbce60dc179912593186ed4b2e867bd\jstereotype-2.0.1.jar;C:\Users\Administrator\.gradle\caches\modules-2\files-2.1\io.micrometer\micrometer-commons\1.12.6\255ebef194f74428cce1a63d107812d97b15b199\micrometer-commons-1.12.6.jar;C:\Users\Administrator\.gradle\caches\modules-2\files-2.1\commons-codec\commons-codec\1.16.1\47bd4d333fba53406f6c6c51884ddbca435c8862\commons-codec-1.16.1.jar;C:\Users\Administrator\.gradle\caches\modules-2\files-2.1\org.apache.commons\commons-collections4\4.4\62ebe7544cb7164d87e0637a2a6a2bdc981395e8\commons-collections4-4.4.jar;C:\Users\Administrator\.gradle\caches\modules-2\files-2.1\org.apache.commons\commons-math3\3.6.1\e4ba98f1d4b3c80ec46392f25e094a6a2e58fcbf\commons-math3-3.6.1.jar;C:\Users\Administrator\.gradle\caches\modules-2\files-2.1\com.zaxxer\SparseBitSet\1.2\8467c813d442837fcaeddbc42cf5c5359fab4933\SparseBitSet-1.2.jar;C:\Users\Administrator\.gradle\caches\modules-2\files-2.1\org.apache.commons\commons-compress\1.19\7e65777fb451ddab6a9c054beb879e521b7eab78\commons-compress-1.19.jar;C:\Users\Administrator\.gradle\caches\modules-2\files-2.1\com.github.virtuald\curvesapi\1.06\159dd2e8956459a4eb0a9a6ecda9004d8d289708\curvesapi-1.06.jar;C:\Users\Administrator\.gradle\caches\modules-2\files-2.1\org.apache.xmlbeans\xmlbeans\3.1.0\6dac1f897dfb3e3f17fc79b18a3353b2e51c464e\xmlbeans-3.1.0.jar;C:\Users\Administrator\.gradle\caches\modules-2\files-2.1\javax.cache\cache-api\1.1.1\c56fb980eb5208bfee29a9a5b9d951aba076bd91\cache-api-1.1.1.jar;C:\Users\Administrator\.gradle\caches\modules-2\files-2.1\org.glassfish.jaxb\jaxb-runtime\4.0.5\ca84c2a7169b5293e232b9d00d1e4e36d4c3914a\jaxb-runtime-4.0.5.jar;C:\Users\Administrator\.gradle\caches\modules-2\files-2.1\org.apache.logging.log4j\log4j-api\2.21.1\74c65e87b9ce1694a01524e192d7be989ba70486\log4j-api-2.21.1.jar;C:\Users\Administrator\.gradle\caches\modules-2\files-2.1\ch.qos.logback\logback-core\1.4.14\4d3c2248219ac0effeb380ed4c5280a80bf395e8\logback-core-1.4.14.jar;C:\Users\Administrator\.gradle\caches\modules-2\files-2.1\org.glassfish.jaxb\jaxb-core\4.0.5\7b4b11ea5542eea4ad55e1080b23be436795b3\jaxb-core-4.0.5.jar;C:\Users\Administrator\.gradle\caches\modules-2\files-2.1\jakarta.xml.bind\jakarta.xml.bind-api\4.0.2\6cd5a999b834b63238005b7144136379dc36cad2\jakarta.xml.bind-api-4.0.2.jar;C:\Users\Administrator\.gradle\caches\modules-2\files-2.1\org.eclipse.angus\angus-activation\2.0.2\41f1e0ddd157c856926ed149ab837d110955a9fc\angus-activation-2.0.2.jar;C:\Users\Administrator\.gradle\caches\modules-2\files-2.1\jakarta.activation\jakarta.activation-api\2.1.3\fa165bd70cda600368eee31555222776a46b881f\jakarta.activation-api-2.1.3.jar;C:\Users\Administrator\.gradle\caches\modules-2\files-2.1\org.glassfish.jaxb\txw2\4.0.5\f36a4ef12120a9bb06d766d6a0e54b144fd7ed98\txw2-4.0.5.jar;C:\Users\Administrator\.gradle\caches\modules-2\files-2.1\com.sun.istack\istack-commons-runtime\4.1.2\18ec117c85f3ba0ac65409136afa8e42bc74e739\istack-commons-runtime-4.1.2.jar;D:\test\springBootDemo\build\classes\java\aot;D:\test\springBootDemo\build\resources\aot;D:\test\springBootDemo\build\generated\aotClasses
Launcher Type: SUN_STANDARD

[Global flags]
     intx CICompilerCount                          = 12                                        {product} {ergonomic}
     uint ConcGCThreads                            = 5                                         {product} {ergonomic}
     uint G1ConcRefinementThreads                  = 18                                        {product} {ergonomic}
   size_t G1HeapRegionSize                         = 4194304                                   {product} {ergonomic}
    uintx GCDrainStackTargetSize                   = 64                                        {product} {ergonomic}
   size_t InitialHeapSize                          = 532676608                                 {product} {ergonomic}
   size_t MarkStackSize                            = 4194304                                   {product} {ergonomic}
   size_t MaxHeapSize                              = 8514437120                                {product} {ergonomic}
   size_t MaxNewSize                               = 5108662272                                {product} {ergonomic}
   size_t MinHeapDeltaBytes                        = 4194304                                   {product} {ergonomic}
   size_t MinHeapSize                              = 8388608                                   {product} {ergonomic}
    uintx NonNMethodCodeHeapSize                   = 7602480                                {pd product} {ergonomic}
    uintx NonProfiledCodeHeapSize                  = 122027880                              {pd product} {ergonomic}
    uintx ProfiledCodeHeapSize                     = 122027880                              {pd product} {ergonomic}
    uintx ReservedCodeCacheSize                    = 251658240                              {pd product} {ergonomic}
     bool SegmentedCodeCache                       = true                                      {product} {ergonomic}
   size_t SoftMaxHeapSize                          = 8514437120                             {manageable} {ergonomic}
     bool UseCompressedOops                        = true                           {product lp64_product} {ergonomic}
     bool UseG1GC                                  = true                                      {product} {ergonomic}
     bool UseLargePagesIndividualAllocation        = false                                  {pd product} {ergonomic}

Logging:
Log output configuration:
 #0: stdout all=warning uptime,level,tags foldmultilines=false
 #1: stderr all=off uptime,level,tags foldmultilines=false

Release file:
<release file has not been read>
Environment Variables:
JAVA_HOME=D:\jdk\21
PATH=d:\programs\ImageMagick-7.1.2-Q16-HDRI;C:\Program Files\YunShu\utils;C:\Windows\system32;C:\Windows;C:\Windows\System32\Wbem;C:\Windows\System32\WindowsPowerShell\v1.0\;C:\Windows\System32\OpenSSH\;C:\Program Files (x86)\NVIDIA Corporation\PhysX\Common;C:\Program Files\NVIDIA Corporation\NVIDIA NvDLISR;C:\Program Files\dotnet\;d:\programs\cursor\resources\app\bin;D:\programs\nvm\nvm;D:\programs\nodejs;d:\programs\Git\cmd;D:\sdk\platform-tools;D:\jdk\21\bin;C:\Program Files\Docker\Docker\resources\bin;D:\programs\ffmpeg\bin;D:\programs\cmder;C:\Users\Administrator\AppData\Local\Microsoft\WindowsApps;D:\programs\vscode\Microsoft VS Code\bin;D:\programs\nvm\nvm;D:\programs\nodejs;d:\programs\JetBrains\IntelliJ IDEA 2025.3.1\bin;d:\programs\JetBrains\DataGrip 2025.3.3\bin;C:\Users\Administrator\AppData\Local\Python\bin;d:\programs\Antigravity\bin;D:\programs\cursor\cursor\resources\app\bin
USERNAME=Administrator
OS=Windows_NT
PROCESSOR_IDENTIFIER=Intel64 Family 6 Model 183 Stepping 1, GenuineIntel
TMP=C:\Users\ADMINI~1\AppData\Local\Temp
TEMP=C:\Users\ADMINI~1\AppData\Local\Temp




Periodic native trim disabled

---------------  S Y S T E M  ---------------

OS:
 Windows 11 , 64 bit Build 22621 (10.0.22621.5415)
OS uptime: 14 days 1:18 hours
Hyper-V role detected

CPU: total 24 (initial active 24) (12 cores per cpu, 2 threads per core) family 6 model 183 stepping 1 microcode 0x12e, cx8, cmov, fxsr, ht, mmx, 3dnowpref, sse, sse2, sse3, ssse3, sse4.1, sse4.2, popcnt, lzcnt, tsc, tscinvbit, avx, avx2, aes, erms, clmul, bmi1, bmi2, adx, sha, fma, vzeroupper, clflush, clflushopt, clwb, hv, serialize, rdtscp, rdpid, fsrm, f16c, cet_ibt, cet_ss
Processor Information for the first 24 processors :
  Max Mhz: 2200, Current Mhz: 2200, Mhz Limit: 2200

Memory: 4k page, system-wide physical 32475M (7070M free)
TotalPageFile size 69339M (AvailPageFile size 36372M)
current process WorkingSet (physical memory assigned to process): 58M, peak: 58M
current process commit charge ("private bytes"): 627M, peak: 627M

vm_info: OpenJDK 64-Bit Server VM (21.0.9+10-LTS) for windows-amd64 JRE (21.0.9+10-LTS), built on 2025-10-13T22:04:36Z by "MicrosoftCorporation" with unknown MS VC++:1944

END.
